<?xml version="1.0" encoding="UTF-8"?>
<!-- Generated by org.testng.reporters.JUnitXMLReporter -->
<testsuite ignored="0" hostname="LAPTOP-7LHOPU9M" failures="1" tests="1" name="Test" time="14.191" errors="0" timestamp="2024-05-25T14:00:56 IST">
  <testcase classname="com.learnAutomation.testcases.LoginTest" name="logintoApp" time="2.768">
    <failure type="java.lang.AssertionError" message="Error msg is not displayed as expeccted expected [true] but found [false]">
      <![CDATA[java.lang.AssertionError: Error msg is not displayed as expeccted expected [true] but found [false]
at com.learnAutomation.testcases.LoginTest.logintoApp(LoginTest.java:23)
at java.base/java.util.ArrayList.forEach(ArrayList.java:1511)
... Removed 30 stack frames]]>
    </failure>
  </testcase> <!-- logintoApp -->
</testsuite> <!-- Test -->
