<?xml version="1.0" encoding="UTF-8"?>
<testng-results ignored="0" total="1" passed="1" failed="0" skipped="0">
  <reporter-output>
  </reporter-output>
  <suite started-at="2024-05-26T13:54:24 IST" name="Suite" finished-at="2024-05-26T13:54:56 IST" duration-ms="32355">
    <groups>
    </groups>
    <test started-at="2024-05-26T13:54:24 IST" name="Test" finished-at="2024-05-26T13:54:56 IST" duration-ms="32355">
      <class name="com.learnAutomation.testcases.SmokeTest">
        <test-method is-config="true" signature="setupApplication()[pri:0, instance:com.learnAutomation.testcases.SmokeTest@7ceb3185]" started-at="2024-05-26T13:54:24 IST" name="setupApplication" finished-at="2024-05-26T13:54:55 IST" duration-ms="31319" status="PASS">
          <reporter-output>
          </reporter-output>
        </test-method> <!-- setupApplication -->
        <test-method signature="verifyURL()[pri:0, instance:com.learnAutomation.testcases.SmokeTest@7ceb3185]" started-at="2024-05-26T13:54:55 IST" name="verifyURL" finished-at="2024-05-26T13:54:55 IST" duration-ms="151" status="PASS">
          <reporter-output>
          </reporter-output>
        </test-method> <!-- verifyURL -->
        <test-method is-config="true" signature="tearDown()[pri:0, instance:com.learnAutomation.testcases.SmokeTest@7ceb3185]" started-at="2024-05-26T13:54:55 IST" name="tearDown" finished-at="2024-05-26T13:54:56 IST" duration-ms="758" status="PASS">
          <reporter-output>
          </reporter-output>
        </test-method> <!-- tearDown -->
      </class> <!-- com.learnAutomation.testcases.SmokeTest -->
    </test> <!-- Test -->
  </suite> <!-- Suite -->
</testng-results>
